生成启动时间为 2020/4/13 1:02:53。
     1>项目“F:\work\pro\LxGame\LxGameBase\CardGameBase\CardGameBase\CardGameBase.vcxproj”在节点 2 上(Build 个目标)。
     1>ClCompile:
         C:\Program Files (x86)\Microsoft Visual Studio 12.0\VC\bin\CL.exe /c /I. /Z7 /nologo /W3 /WX- /MP /Od /Oy- /D WIN32 /D _WINDOWS /D _USRDLL /D CARDGAMEBASE_EXPORTS /D _UNICODE /D UNICODE /Gm- /EHsc /RTC1 /MD /GS /fp:precise /Zc:wchar_t /Zc:forScope /Fo"Debug\\" /Fd"Debug\vc120.pdb" /Gd /TP /analyze- /errorReport:prompt mahjong\ai\LScoreBasicThink.cpp
         LScoreBasicThink.cpp
     1>f:\work\pro\lxgame\lxgamebase\cardgamebase\cardgamebase\core\LMjDef.h(562): warning C4244: “初始化”: 从“double”转换到“int”，可能丢失数据
     1>f:\work\pro\lxgame\lxgamebase\cardgamebase\cardgamebase\core\LMjDef.h(921): warning C4018: “<”: 有符号/无符号不匹配
       Lib:
         C:\Program Files (x86)\Microsoft Visual Studio 12.0\VC\bin\Lib.exe /OUT:"F:\work\pro\LxGame\LxMahjone\LxSiChuanMahjong\proj.win32\Debug\CardGameBase.lib" /NOLOGO Debug\LCard.obj
         Debug\LCardOperate.obj
         Debug\LClockActive.obj
         Debug\LCpp11Timer.obj
         Debug\LDicePair.obj
         Debug\LGameDispatcher.obj
         Debug\LMjCard.obj
         Debug\LMjDef.obj
         Debug\LRight.obj
         Debug\TimerCore.obj
         Debug\AbstractThink.obj
         Debug\LBasicThink.obj
         Debug\LScoreBasicThink.obj
         Debug\LMjDesk.obj
         Debug\LMjLogic.obj
         Debug\LMjPlayer.obj
         Debug\SiChuanMjDesk.obj
         Debug\SiChuanMjLogic.obj
         Debug\SiChuanMjPlayer.obj
         Debug\SiChuanMjThink.obj
     1>LMjDef.obj : warning LNK4221: 此对象文件未定义任何之前未定义的公共符号，因此任何耗用此库的链接操作都不会使用此文件
     1>LCardOperate.obj : warning LNK4221: 此对象文件未定义任何之前未定义的公共符号，因此任何耗用此库的链接操作都不会使用此文件
         CardGameBase.vcxproj -> F:\work\pro\LxGame\LxMahjone\LxSiChuanMahjong\proj.win32\Debug\CardGameBase.lib
     1>已完成生成项目“F:\work\pro\LxGame\LxGameBase\CardGameBase\CardGameBase\CardGameBase.vcxproj”(Build 个目标)的操作。

生成成功。

已用时间 00:00:00.84
